<?xml version="1.0" encoding="UTF-8"?>
<!-- Generated by org.testng.reporters.JUnitReportReporter -->
<testsuite hostname="hp-envi" name="com.test.elance.main.RevisionHistoryModalTest" tests="1" failures="0" timestamp="22 Oct 2014 15:55:20 GMT" time="233.780" errors="0">
  <testcase name="revisionHistoryModalDisplay" time="233.780" classname="com.test.elance.main.RevisionHistoryModalTest"/>
</testsuite> <!-- com.test.elance.main.RevisionHistoryModalTest -->
