<?xml version="1.0" encoding="UTF-8"?>
<!-- Generated by org.testng.reporters.JUnitReportReporter -->
<testsuite hostname="hp-envi" name="com.digitaltolk.qa.page.test.AcceptTraslatorBookingTest" tests="1" failures="0" timestamp="1 Jul 2016 13:20:50 GMT" time="27.885" errors="0">
  <testcase name="acceptTraslatorBookingTest" time="27.885" classname="com.digitaltolk.qa.page.test.AcceptTraslatorBookingTest"/>
</testsuite> <!-- com.digitaltolk.qa.page.test.AcceptTraslatorBookingTest -->
