<?xml version="1.0" encoding="UTF-8"?>
<!-- Generated by org.testng.reporters.JUnitReportReporter -->
<testsuite hostname="hp-envi" name="com.digitaltolk.qa.page.test.LoginPageTest" tests="1" failures="0" timestamp="30 Jun 2016 07:15:28 GMT" time="22.786" errors="0">
  <testcase name="loginPageTest" time="22.786" classname="com.digitaltolk.qa.page.test.LoginPageTest"/>
</testsuite> <!-- com.digitaltolk.qa.page.test.LoginPageTest -->
