<?xml version="1.0" encoding="UTF-8"?>
<!-- Generated by org.testng.reporters.JUnitReportReporter -->
<testsuite hostname="hp-envi" name="com.test.elance.visitor.ReviewTrendsJobsTest" tests="2" failures="0" timestamp="11 Aug 2014 20:20:18 GMT" time="223.636" errors="0">
  <testcase name="verifytheTrendsJobsTest" time="151.903" classname="com.test.elance.visitor.ReviewTrendsJobsTest"/>
  <testcase name="verifytheTrendsJobsUSATest" time="71.733" classname="com.test.elance.visitor.ReviewTrendsJobsTest"/>
</testsuite> <!-- com.test.elance.visitor.ReviewTrendsJobsTest -->
