<?xml version="1.0" encoding="UTF-8"?>
<!-- Generated by org.testng.reporters.JUnitReportReporter -->
<testsuite hostname="hp-envi" name="com.digitaltolk.qa.page.test.LoginPageTest" tests="1" failures="0" timestamp="1 Jul 2016 10:33:18 GMT" time="25.176" errors="0">
  <testcase name="loginPageTest" time="25.176" classname="com.digitaltolk.qa.page.test.LoginPageTest"/>
</testsuite> <!-- com.digitaltolk.qa.page.test.LoginPageTest -->
