<?xml version="1.0" encoding="UTF-8"?>
<!-- Generated by org.testng.reporters.JUnitReportReporter -->
<testsuite hostname="hp-envi" name="com.test.elance.visitor.CheckElanceUniversityTest" tests="5" failures="0" timestamp="20 Aug 2014 15:46:55 GMT" time="580.926" errors="0">
  <testcase name="reviewSkillvideoTest" time="291.846" classname="com.test.elance.visitor.CheckElanceUniversityTest"/>
  <testcase name="reviewSeccionHiringTest" time="101.806" classname="com.test.elance.visitor.CheckElanceUniversityTest"/>
  <testcase name="verifiedContentPageTest" time="40.700" classname="com.test.elance.visitor.CheckElanceUniversityTest"/>
  <testcase name="reviewSeccionWorkingTest" time="89.538" classname="com.test.elance.visitor.CheckElanceUniversityTest"/>
  <testcase name="searchSkillandGoToCourseTest" time="57.036" classname="com.test.elance.visitor.CheckElanceUniversityTest"/>
</testsuite> <!-- com.test.elance.visitor.CheckElanceUniversityTest -->
