<?xml version="1.0" encoding="UTF-8"?>
<!-- Generated by org.testng.reporters.JUnitReportReporter -->
<testsuite hostname="hp-envi" name="com.test.elance.main.ClientPrivacyTest" tests="1" failures="0" timestamp="23 Oct 2014 19:32:18 GMT" time="474.356" errors="0">
  <testcase name="clientNameSearchJobPage" time="474.356" classname="com.test.elance.main.ClientPrivacyTest"/>
</testsuite> <!-- com.test.elance.main.ClientPrivacyTest -->
