<?xml version="1.0" encoding="UTF-8"?>
<!-- Generated by org.testng.reporters.JUnitReportReporter -->
<testsuite hostname="hp-envi" name="com.test.elance.main.BroadcastFeatureTest" tests="3" failures="0" timestamp="1 Aug 2014 19:10:06 GMT" time="316.631" errors="0">
  <testcase name="selectingEmptyFolders" time="96.847" classname="com.test.elance.main.BroadcastFeatureTest"/>
  <testcase name="selectingSingleAndMultipleJobs" time="113.072" classname="com.test.elance.main.BroadcastFeatureTest"/>
  <testcase name="selectingNonEmptyFolders" time="106.712" classname="com.test.elance.main.BroadcastFeatureTest"/>
</testsuite> <!-- com.test.elance.main.BroadcastFeatureTest -->
