<?xml version="1.0" encoding="UTF-8"?>
<!-- Generated by org.testng.reporters.JUnitReportReporter -->
<testsuite hostname="hp-envi" name="com.test.elance.main.ContractorSubmitProposalTest" tests="3" failures="0" timestamp="5 Aug 2014 16:58:23 GMT" time="180.971" errors="0">
  <testcase name="proposalFixedJobTest" time="46.691" classname="com.test.elance.main.ContractorSubmitProposalTest"/>
  <testcase name="proposalhourlyJobTest" time="42.333" classname="com.test.elance.main.ContractorSubmitProposalTest"/>
  <testcase name="setupPostJobsTest" time="91.947" classname="com.test.elance.main.ContractorSubmitProposalTest"/>
</testsuite> <!-- com.test.elance.main.ContractorSubmitProposalTest -->
