<?xml version="1.0" encoding="UTF-8"?>
<!-- Generated by org.testng.reporters.JUnitReportReporter -->
<testsuite hostname="hp-envi" name="com.digitaltolk.qa.page.test.CreateCustomerBookingTest" tests="1" failures="0" timestamp="1 Jul 2016 11:21:53 GMT" time="41.076" errors="0">
  <testcase name="createCustomerBookingTest" time="41.076" classname="com.digitaltolk.qa.page.test.CreateCustomerBookingTest"/>
</testsuite> <!-- com.digitaltolk.qa.page.test.CreateCustomerBookingTest -->
